0 verbose cli /usr/bin/node /usr/bin/npm
1 info using npm@9.2.0
2 info using node@v20.19.2
3 timing npm:load:whichnode Completed in 0ms
4 timing config:load:defaults Completed in 1ms
5 timing config:load:file:/usr/share/nodejs/npm/npmrc Completed in 2ms
6 timing config:load:builtin Completed in 2ms
7 timing config:load:cli Completed in 1ms
8 timing config:load:env Completed in 0ms
9 timing config:load:project Completed in 4ms
10 timing config:load:file:/var/www/.npmrc Completed in 0ms
11 timing config:load:user Completed in 0ms
12 timing config:load:file:/etc/npmrc Completed in 1ms
13 timing config:load:global Completed in 1ms
14 timing config:load:setEnvs Completed in 0ms
15 timing config:load Completed in 10ms
16 timing npm:load:configload Completed in 10ms
17 timing npm:load:mkdirpcache Completed in 2ms
18 timing npm:load:mkdirplogs Completed in 3ms
19 verbose title npm install
20 verbose argv "install"
21 timing npm:load:setTitle Completed in 1ms
22 timing config:load:flatten Completed in 2ms
23 timing npm:load:display Completed in 2ms
24 verbose logfile logs-max:10 dir:/var/www/.npm/_logs/2025-08-24T13_26_54_819Z-
25 verbose logfile /var/www/.npm/_logs/2025-08-24T13_26_54_819Z-debug-0.log
26 timing npm:load:logFile Completed in 13ms
27 timing npm:load:timers Completed in 0ms
28 timing npm:load:configScope Completed in 0ms
29 timing npm:load Completed in 32ms
30 silly logfile done cleaning log files
31 timing config:load:flatten Completed in 0ms
32 timing arborist:ctor Completed in 1ms
33 timing idealTree:init Completed in 281ms
34 timing idealTree:userRequests Completed in 0ms
35 silly idealTree buildDeps
36 timing idealTree:#root Completed in 0ms
37 timing idealTree:node_modules/@tailwindcss/oxide-wasm32-wasi Completed in 0ms
38 timing idealTree:buildDeps Completed in 3ms
39 timing idealTree:fixDepFlags Completed in 0ms
40 timing idealTree Completed in 290ms
41 timing arborist:ctor Completed in 0ms
42 timing reify:loadTrees Completed in 809ms
43 timing reify:diffTrees Completed in 68ms
44 silly reify moves {}
45 timing reify:retireShallow Completed in 1ms
46 timing reify:createSparse Completed in 62ms
47 verbose reify failed optional dependency /var/www/node_modules/@tailwindcss/oxide-wasm32-wasi
48 silly reify mark deleted [ '/var/www/node_modules/@tailwindcss/oxide-wasm32-wasi' ]
49 timing reifyNode:node_modules/@tailwindcss/oxide-wasm32-wasi Completed in 2ms
50 timing arborist:ctor Completed in 0ms
51 timing reify:diffTrees Completed in 53ms
52 timing reify:loadBundles Completed in 73ms
53 silly audit bulk request {
53 silly audit   '@ampproject/remapping': [ '2.3.0' ],
53 silly audit   '@babel/code-frame': [ '7.27.1' ],
53 silly audit   '@babel/compat-data': [ '7.28.0' ],
53 silly audit   '@babel/core': [ '7.28.3' ],
53 silly audit   '@babel/generator': [ '7.28.3' ],
53 silly audit   '@babel/helper-compilation-targets': [ '7.27.2' ],
53 silly audit   '@babel/helper-globals': [ '7.28.0' ],
53 silly audit   '@babel/helper-module-imports': [ '7.27.1' ],
53 silly audit   '@babel/helper-module-transforms': [ '7.28.3' ],
53 silly audit   '@babel/helper-plugin-utils': [ '7.27.1' ],
53 silly audit   '@babel/helper-string-parser': [ '7.27.1' ],
53 silly audit   '@babel/helper-validator-identifier': [ '7.27.1' ],
53 silly audit   '@babel/helper-validator-option': [ '7.27.1' ],
53 silly audit   '@babel/helpers': [ '7.28.3' ],
53 silly audit   '@babel/parser': [ '7.28.3' ],
53 silly audit   '@babel/plugin-transform-react-jsx-self': [ '7.27.1' ],
53 silly audit   '@babel/plugin-transform-react-jsx-source': [ '7.27.1' ],
53 silly audit   '@babel/template': [ '7.27.2' ],
53 silly audit   '@babel/traverse': [ '7.28.3' ],
53 silly audit   '@babel/types': [ '7.28.2' ],
53 silly audit   '@esbuild/aix-ppc64': [ '0.25.9' ],
53 silly audit   '@esbuild/android-arm': [ '0.25.9' ],
53 silly audit   '@esbuild/android-arm64': [ '0.25.9' ],
53 silly audit   '@esbuild/android-x64': [ '0.25.9' ],
53 silly audit   '@esbuild/darwin-arm64': [ '0.25.9' ],
53 silly audit   '@esbuild/darwin-x64': [ '0.25.9' ],
53 silly audit   '@esbuild/freebsd-arm64': [ '0.25.9' ],
53 silly audit   '@esbuild/freebsd-x64': [ '0.25.9' ],
53 silly audit   '@esbuild/linux-arm': [ '0.25.9' ],
53 silly audit   '@esbuild/linux-arm64': [ '0.25.9' ],
53 silly audit   '@esbuild/linux-ia32': [ '0.25.9' ],
53 silly audit   '@esbuild/linux-loong64': [ '0.25.9' ],
53 silly audit   '@esbuild/linux-mips64el': [ '0.25.9' ],
53 silly audit   '@esbuild/linux-ppc64': [ '0.25.9' ],
53 silly audit   '@esbuild/linux-riscv64': [ '0.25.9' ],
53 silly audit   '@esbuild/linux-s390x': [ '0.25.9' ],
53 silly audit   '@esbuild/linux-x64': [ '0.25.9' ],
53 silly audit   '@esbuild/netbsd-arm64': [ '0.25.9' ],
53 silly audit   '@esbuild/netbsd-x64': [ '0.25.9' ],
53 silly audit   '@esbuild/openbsd-arm64': [ '0.25.9' ],
53 silly audit   '@esbuild/openbsd-x64': [ '0.25.9' ],
53 silly audit   '@esbuild/openharmony-arm64': [ '0.25.9' ],
53 silly audit   '@esbuild/sunos-x64': [ '0.25.9' ],
53 silly audit   '@esbuild/win32-arm64': [ '0.25.9' ],
53 silly audit   '@esbuild/win32-ia32': [ '0.25.9' ],
53 silly audit   '@esbuild/win32-x64': [ '0.25.9' ],
53 silly audit   '@eslint-community/eslint-utils': [ '4.7.0' ],
53 silly audit   'eslint-visitor-keys': [ '3.4.3', '4.2.1' ],
53 silly audit   '@eslint-community/regexpp': [ '4.12.1' ],
53 silly audit   '@eslint/config-array': [ '0.21.0' ],
53 silly audit   '@eslint/config-helpers': [ '0.3.1' ],
53 silly audit   '@eslint/core': [ '0.15.2' ],
53 silly audit   '@eslint/eslintrc': [ '3.3.1' ],
53 silly audit   globals: [ '14.0.0', '15.15.0' ],
53 silly audit   '@eslint/js': [ '9.33.0' ],
53 silly audit   '@eslint/object-schema': [ '2.1.6' ],
53 silly audit   '@eslint/plugin-kit': [ '0.3.5' ],
53 silly audit   '@floating-ui/core': [ '1.7.3' ],
53 silly audit   '@floating-ui/dom': [ '1.7.3' ],
53 silly audit   '@floating-ui/react': [ '0.26.28' ],
53 silly audit   '@floating-ui/react-dom': [ '2.1.5' ],
53 silly audit   '@floating-ui/utils': [ '0.2.10' ],
53 silly audit   '@headlessui/react': [ '2.2.7' ],
53 silly audit   '@humanfs/core': [ '0.19.1' ],
53 silly audit   '@humanfs/node': [ '0.16.6' ],
53 silly audit   '@humanwhocodes/retry': [ '0.3.1', '0.4.3' ],
53 silly audit   '@humanwhocodes/module-importer': [ '1.0.1' ],
53 silly audit   '@inertiajs/core': [ '2.1.2' ],
53 silly audit   '@inertiajs/react': [ '2.1.2' ],
53 silly audit   '@isaacs/fs-minipass': [ '4.0.1' ],
53 silly audit   '@jridgewell/gen-mapping': [ '0.3.13' ],
53 silly audit   '@jridgewell/remapping': [ '2.3.5' ],
53 silly audit   '@jridgewell/resolve-uri': [ '3.1.2' ],
53 silly audit   '@jridgewell/sourcemap-codec': [ '1.5.5' ],
53 silly audit   '@jridgewell/trace-mapping': [ '0.3.30' ],
53 silly audit   '@nodelib/fs.scandir': [ '2.1.5' ],
53 silly audit   '@nodelib/fs.stat': [ '2.0.5' ],
53 silly audit   '@nodelib/fs.walk': [ '1.2.8' ],
53 silly audit   '@radix-ui/number': [ '1.1.1' ],
53 silly audit   '@radix-ui/primitive': [ '1.1.3' ],
53 silly audit   '@radix-ui/react-arrow': [ '1.1.7' ],
53 silly audit   '@radix-ui/react-avatar': [ '1.1.10' ],
53 silly audit   '@radix-ui/react-checkbox': [ '1.3.3' ],
53 silly audit   '@radix-ui/react-collapsible': [ '1.1.12' ],
53 silly audit   '@radix-ui/react-collection': [ '1.1.7' ],
53 silly audit   '@radix-ui/react-compose-refs': [ '1.1.2' ],
53 silly audit   '@radix-ui/react-context': [ '1.1.2' ],
53 silly audit   '@radix-ui/react-dialog': [ '1.1.15' ],
53 silly audit   '@radix-ui/react-direction': [ '1.1.1' ],
53 silly audit   '@radix-ui/react-dismissable-layer': [ '1.1.11' ],
53 silly audit   '@radix-ui/react-dropdown-menu': [ '2.1.16' ],
53 silly audit   '@radix-ui/react-focus-guards': [ '1.1.3' ],
53 silly audit   '@radix-ui/react-focus-scope': [ '1.1.7' ],
53 silly audit   '@radix-ui/react-id': [ '1.1.1' ],
53 silly audit   '@radix-ui/react-label': [ '2.1.7' ],
53 silly audit   '@radix-ui/react-menu': [ '2.1.16' ],
53 silly audit   '@radix-ui/react-navigation-menu': [ '1.2.14' ],
53 silly audit   '@radix-ui/react-popper': [ '1.2.8' ],
53 silly audit   '@radix-ui/react-portal': [ '1.1.9' ],
53 silly audit   '@radix-ui/react-presence': [ '1.1.5' ],
53 silly audit   '@radix-ui/react-primitive': [ '2.1.3' ],
53 silly audit   '@radix-ui/react-roving-focus': [ '1.1.11' ],
53 silly audit   '@radix-ui/react-select': [ '2.2.6' ],
53 silly audit   '@radix-ui/react-separator': [ '1.1.7' ],
53 silly audit   '@radix-ui/react-slot': [ '1.2.3' ],
53 silly audit   '@radix-ui/react-toggle': [ '1.1.10' ],
53 silly audit   '@radix-ui/react-toggle-group': [ '1.1.11' ],
53 silly audit   '@radix-ui/react-tooltip': [ '1.2.8' ],
53 silly audit   '@radix-ui/react-use-callback-ref': [ '1.1.1' ],
53 silly audit   '@radix-ui/react-use-controllable-state': [ '1.2.2' ],
53 silly audit   '@radix-ui/react-use-effect-event': [ '0.0.2' ],
53 silly audit   '@radix-ui/react-use-escape-keydown': [ '1.1.1' ],
53 silly audit   '@radix-ui/react-use-is-hydrated': [ '0.1.0' ],
53 silly audit   '@radix-ui/react-use-layout-effect': [ '1.1.1' ],
53 silly audit   '@radix-ui/react-use-previous': [ '1.1.1' ],
53 silly audit   '@radix-ui/react-use-rect': [ '1.1.1' ],
53 silly audit   '@radix-ui/react-use-size': [ '1.1.1' ],
53 silly audit   '@radix-ui/react-visually-hidden': [ '1.2.3' ],
53 silly audit   '@radix-ui/rect': [ '1.1.1' ],
53 silly audit   '@react-aria/focus': [ '3.21.0' ],
53 silly audit   '@react-aria/interactions': [ '3.25.4' ],
53 silly audit   '@react-aria/ssr': [ '3.9.10' ],
53 silly audit   '@react-aria/utils': [ '3.30.0' ],
53 silly audit   '@react-stately/flags': [ '3.1.2' ],
53 silly audit   '@react-stately/utils': [ '3.10.8' ],
53 silly audit   '@react-types/shared': [ '3.31.0' ],
53 silly audit   '@rolldown/pluginutils': [ '1.0.0-beta.27' ],
53 silly audit   '@rollup/rollup-android-arm-eabi': [ '4.46.2' ],
53 silly audit   '@rollup/rollup-android-arm64': [ '4.46.2' ],
53 silly audit   '@rollup/rollup-darwin-arm64': [ '4.46.2' ],
53 silly audit   '@rollup/rollup-darwin-x64': [ '4.46.2' ],
53 silly audit   '@rollup/rollup-freebsd-arm64': [ '4.46.2' ],
53 silly audit   '@rollup/rollup-freebsd-x64': [ '4.46.2' ],
53 silly audit   '@rollup/rollup-linux-arm-gnueabihf': [ '4.46.2' ],
53 silly audit   '@rollup/rollup-linux-arm-musleabihf': [ '4.46.2' ],
53 silly audit   '@rollup/rollup-linux-arm64-gnu': [ '4.46.2' ],
53 silly audit   '@rollup/rollup-linux-arm64-musl': [ '4.46.2' ],
53 silly audit   '@rollup/rollup-linux-loongarch64-gnu': [ '4.46.2' ],
53 silly audit   '@rollup/rollup-linux-ppc64-gnu': [ '4.46.2' ],
53 silly audit   '@rollup/rollup-linux-riscv64-gnu': [ '4.46.2' ],
53 silly audit   '@rollup/rollup-linux-riscv64-musl': [ '4.46.2' ],
53 silly audit   '@rollup/rollup-linux-s390x-gnu': [ '4.46.2' ],
53 silly audit   '@rollup/rollup-linux-x64-gnu': [ '4.9.5', '4.46.2' ],
53 silly audit   '@rollup/rollup-linux-x64-musl': [ '4.46.2' ],
53 silly audit   '@rollup/rollup-win32-arm64-msvc': [ '4.46.2' ],
53 silly audit   '@rollup/rollup-win32-ia32-msvc': [ '4.46.2' ],
53 silly audit   '@rollup/rollup-win32-x64-msvc': [ '4.46.2' ],
53 silly audit   '@swc/helpers': [ '0.5.17' ],
53 silly audit   '@tailwindcss/node': [ '4.1.12' ],
53 silly audit   '@tailwindcss/oxide': [ '4.1.12' ],
53 silly audit   '@tailwindcss/oxide-android-arm64': [ '4.1.12' ],
53 silly audit   '@tailwindcss/oxide-darwin-arm64': [ '4.1.12' ],
53 silly audit   '@tailwindcss/oxide-darwin-x64': [ '4.1.12' ],
53 silly audit   '@tailwindcss/oxide-freebsd-x64': [ '4.1.12' ],
53 silly audit   '@tailwindcss/oxide-linux-arm-gnueabihf': [ '4.1.12' ],
53 silly audit   '@tailwindcss/oxide-linux-arm64-gnu': [ '4.1.12' ],
53 silly audit   '@tailwindcss/oxide-linux-arm64-musl': [ '4.1.12' ],
53 silly audit   '@tailwindcss/oxide-linux-x64-gnu': [ '4.1.12' ],
53 silly audit   '@tailwindcss/oxide-linux-x64-musl': [ '4.1.12' ],
53 silly audit   '@tailwindcss/oxide-win32-arm64-msvc': [ '4.1.12' ],
53 silly audit   '@tailwindcss/oxide-win32-x64-msvc': [ '4.1.12' ],
53 silly audit   '@tailwindcss/vite': [ '4.1.12' ],
53 silly audit   '@tanstack/react-virtual': [ '3.13.12' ],
53 silly audit   '@tanstack/virtual-core': [ '3.13.12' ],
53 silly audit   '@types/babel__core': [ '7.20.5' ],
53 silly audit   '@types/babel__generator': [ '7.27.0' ],
53 silly audit   '@types/babel__template': [ '7.4.4' ],
53 silly audit   '@types/babel__traverse': [ '7.28.0' ],
53 silly audit   '@types/estree': [ '1.0.8' ],
53 silly audit   '@types/json-schema': [ '7.0.15' ],
53 silly audit   '@types/node': [ '22.17.2' ],
53 silly audit   '@types/react': [ '19.1.10' ],
53 silly audit   '@types/react-dom': [ '19.1.7' ],
53 silly audit   '@typescript-eslint/eslint-plugin': [ '8.39.1' ],
53 silly audit   ignore: [ '7.0.5', '5.3.2' ],
53 silly audit   '@typescript-eslint/parser': [ '8.39.1' ],
53 silly audit   '@typescript-eslint/project-service': [ '8.39.1' ],
53 silly audit   '@typescript-eslint/scope-manager': [ '8.39.1' ],
53 silly audit   '@typescript-eslint/tsconfig-utils': [ '8.39.1' ],
53 silly audit   '@typescript-eslint/type-utils': [ '8.39.1' ],
53 silly audit   '@typescript-eslint/types': [ '8.39.1' ],
53 silly audit   '@typescript-eslint/typescript-estree': [ '8.39.1' ],
53 silly audit   'brace-expansion': [ '2.0.2', '1.1.12' ],
53 silly audit   minimatch: [ '9.0.5', '3.1.2' ],
53 silly audit   semver: [ '7.7.2', '6.3.1' ],
53 silly audit   '@typescript-eslint/utils': [ '8.39.1' ],
53 silly audit   '@typescript-eslint/visitor-keys': [ '8.39.1' ],
53 silly audit   '@vitejs/plugin-react': [ '4.7.0' ],
53 silly audit   acorn: [ '8.15.0' ],
53 silly audit   'acorn-jsx': [ '5.3.2' ],
53 silly audit   ajv: [ '6.12.6' ],
53 silly audit   'ansi-regex': [ '5.0.1' ],
53 silly audit   'ansi-styles': [ '4.3.0' ],
53 silly audit   argparse: [ '2.0.1' ],
53 silly audit   'aria-hidden': [ '1.2.6' ],
53 silly audit   'array-buffer-byte-length': [ '1.0.2' ],
53 silly audit   'array-includes': [ '3.1.9' ],
53 silly audit   'array.prototype.findlast': [ '1.2.5' ],
53 silly audit   'array.prototype.flat': [ '1.3.3' ],
53 silly audit   'array.prototype.flatmap': [ '1.3.3' ],
53 silly audit   'array.prototype.tosorted': [ '1.1.4' ],
53 silly audit   'arraybuffer.prototype.slice': [ '1.0.4' ],
53 silly audit   'async-function': [ '1.0.0' ],
53 silly audit   asynckit: [ '0.4.0' ],
53 silly audit   'available-typed-arrays': [ '1.0.7' ],
53 silly audit   axios: [ '1.11.0' ],
53 silly audit   'balanced-match': [ '1.0.2' ],
53 silly audit   braces: [ '3.0.3' ],
53 silly audit   browserslist: [ '4.25.2' ],
53 silly audit   'call-bind': [ '1.0.8' ],
53 silly audit   'call-bind-apply-helpers': [ '1.0.2' ],
53 silly audit   'call-bound': [ '1.0.4' ],
53 silly audit   callsites: [ '3.1.0' ],
53 silly audit   'caniuse-lite': [ '1.0.30001735' ],
53 silly audit   chalk: [ '4.1.2' ],
53 silly audit   'supports-color': [ '7.2.0', '8.1.1' ],
53 silly audit   chownr: [ '3.0.0' ],
53 silly audit   'class-variance-authority': [ '0.7.1' ],
53 silly audit   cliui: [ '8.0.1' ],
53 silly audit   clsx: [ '2.1.1' ],
53 silly audit   'color-convert': [ '2.0.1' ],
53 silly audit   'color-name': [ '1.1.4' ],
53 silly audit   'combined-stream': [ '1.0.8' ],
53 silly audit   'concat-map': [ '0.0.1' ],
53 silly audit   concurrently: [ '9.2.0' ],
53 silly audit   'convert-source-map': [ '2.0.0' ],
53 silly audit   'cross-spawn': [ '7.0.6' ],
53 silly audit   csstype: [ '3.1.3' ],
53 silly audit   'data-view-buffer': [ '1.0.2' ],
53 silly audit   'data-view-byte-length': [ '1.0.2' ],
53 silly audit   'data-view-byte-offset': [ '1.0.1' ],
53 silly audit   debug: [ '4.4.1' ],
53 silly audit   'deep-is': [ '0.1.4' ],
53 silly audit   'define-data-property': [ '1.1.4' ],
53 silly audit   'define-properties': [ '1.2.1' ],
53 silly audit   'delayed-stream': [ '1.0.0' ],
53 silly audit   'detect-libc': [ '2.0.4' ],
53 silly audit   'detect-node-es': [ '1.1.0' ],
53 silly audit   doctrine: [ '2.1.0' ],
53 silly audit   'dunder-proto': [ '1.0.1' ],
53 silly audit   'electron-to-chromium': [ '1.5.202' ],
53 silly audit   'emoji-regex': [ '8.0.0' ],
53 silly audit   'enhanced-resolve': [ '5.18.3' ],
53 silly audit   'es-abstract': [ '1.24.0' ],
53 silly audit   'es-define-property': [ '1.0.1' ],
53 silly audit   'es-errors': [ '1.3.0' ],
53 silly audit   'es-iterator-helpers': [ '1.2.1' ],
53 silly audit   'es-object-atoms': [ '1.1.1' ],
53 silly audit   'es-set-tostringtag': [ '2.1.0' ],
53 silly audit   'es-shim-unscopables': [ '1.1.0' ],
53 silly audit   'es-to-primitive': [ '1.3.0' ],
53 silly audit   'es-toolkit': [ '1.39.9' ],
53 silly audit   esbuild: [ '0.25.9' ],
53 silly audit   escalade: [ '3.2.0' ],
53 silly audit   'escape-string-regexp': [ '4.0.0' ],
53 silly audit   eslint: [ '9.33.0' ],
53 silly audit   'eslint-config-prettier': [ '10.1.8' ],
53 silly audit   'eslint-plugin-react': [ '7.37.5' ],
53 silly audit   'eslint-plugin-react-hooks': [ '5.2.0' ],
53 silly audit   'eslint-scope': [ '8.4.0' ],
53 silly audit   espree: [ '10.4.0' ],
53 silly audit   esquery: [ '1.6.0' ],
53 silly audit   esrecurse: [ '4.3.0' ],
53 silly audit   estraverse: [ '5.3.0' ],
53 silly audit   esutils: [ '2.0.3' ],
53 silly audit   'fast-deep-equal': [ '3.1.3' ],
53 silly audit   'fast-glob': [ '3.3.3' ],
53 silly audit   'glob-parent': [ '5.1.2', '6.0.2' ],
53 silly audit   'fast-json-stable-stringify': [ '2.1.0' ],
53 silly audit   'fast-levenshtein': [ '2.0.6' ],
53 silly audit   fastq: [ '1.19.1' ],
53 silly audit   'file-entry-cache': [ '8.0.0' ],
53 silly audit   'fill-range': [ '7.1.1' ],
53 silly audit   'find-up': [ '5.0.0' ],
53 silly audit   'flat-cache': [ '4.0.1' ],
53 silly audit   flatted: [ '3.3.3' ],
53 silly audit   'follow-redirects': [ '1.15.11' ],
53 silly audit   'for-each': [ '0.3.5' ],
53 silly audit   'form-data': [ '4.0.4' ],
53 silly audit   fsevents: [ '2.3.3' ],
53 silly audit   'function-bind': [ '1.1.2' ],
53 silly audit   'function.prototype.name': [ '1.1.8' ],
53 silly audit   'functions-have-names': [ '1.2.3' ],
53 silly audit   gensync: [ '1.0.0-beta.2' ],
53 silly audit   'get-caller-file': [ '2.0.5' ],
53 silly audit   'get-intrinsic': [ '1.3.0' ],
53 silly audit   'get-nonce': [ '1.0.1' ],
53 silly audit   'get-proto': [ '1.0.1' ],
53 silly audit   'get-symbol-description': [ '1.1.0' ],
53 silly audit   globalthis: [ '1.0.4' ],
53 silly audit   gopd: [ '1.2.0' ],
53 silly audit   'graceful-fs': [ '4.2.11' ],
53 silly audit   graphemer: [ '1.4.0' ],
53 silly audit   'has-bigints': [ '1.1.0' ],
53 silly audit   'has-flag': [ '4.0.0' ],
53 silly audit   'has-property-descriptors': [ '1.0.2' ],
53 silly audit   'has-proto': [ '1.2.0' ],
53 silly audit   'has-symbols': [ '1.1.0' ],
53 silly audit   'has-tostringtag': [ '1.0.2' ],
53 silly audit   hasown: [ '2.0.2' ],
53 silly audit   'import-fresh': [ '3.3.1' ],
53 silly audit   imurmurhash: [ '0.1.4' ],
53 silly audit   'internal-slot': [ '1.1.0' ],
53 silly audit   'is-array-buffer': [ '3.0.5' ],
53 silly audit   'is-async-function': [ '2.1.1' ],
53 silly audit   'is-bigint': [ '1.1.0' ],
53 silly audit   'is-boolean-object': [ '1.2.2' ],
53 silly audit   'is-callable': [ '1.2.7' ],
53 silly audit   'is-core-module': [ '2.16.1' ],
53 silly audit   'is-data-view': [ '1.0.2' ],
53 silly audit   'is-date-object': [ '1.1.0' ],
53 silly audit   'is-extglob': [ '2.1.1' ],
53 silly audit   'is-finalizationregistry': [ '1.1.1' ],
53 silly audit   'is-fullwidth-code-point': [ '3.0.0' ],
53 silly audit   'is-generator-function': [ '1.1.0' ],
53 silly audit   'is-glob': [ '4.0.3' ],
53 silly audit   'is-map': [ '2.0.3' ],
53 silly audit   'is-negative-zero': [ '2.0.3' ],
53 silly audit   'is-number': [ '7.0.0' ],
53 silly audit   'is-number-object': [ '1.1.1' ],
53 silly audit   'is-regex': [ '1.2.1' ],
53 silly audit   'is-set': [ '2.0.3' ],
53 silly audit   'is-shared-array-buffer': [ '1.0.4' ],
53 silly audit   'is-string': [ '1.1.1' ],
53 silly audit   'is-symbol': [ '1.1.1' ],
53 silly audit   'is-typed-array': [ '1.1.15' ],
53 silly audit   'is-weakmap': [ '2.0.2' ],
53 silly audit   'is-weakref': [ '1.1.1' ],
53 silly audit   'is-weakset': [ '2.0.4' ],
53 silly audit   isarray: [ '2.0.5' ],
53 silly audit   isexe: [ '2.0.0' ],
53 silly audit   'iterator.prototype': [ '1.1.5' ],
53 silly audit   jiti: [ '2.5.1' ],
53 silly audit   'js-tokens': [ '4.0.0' ],
53 silly audit   'js-yaml': [ '4.1.0' ],
53 silly audit   jsesc: [ '3.1.0' ],
53 silly audit   'json-buffer': [ '3.0.1' ],
53 silly audit   'json-schema-traverse': [ '0.4.1' ],
53 silly audit   'json-stable-stringify-without-jsonify': [ '1.0.1' ],
53 silly audit   json5: [ '2.2.3' ],
53 silly audit   'jsx-ast-utils': [ '3.3.5' ],
53 silly audit   keyv: [ '4.5.4' ],
53 silly audit   'laravel-vite-plugin': [ '2.0.0' ],
53 silly audit   levn: [ '0.4.1' ],
53 silly audit   lightningcss: [ '1.30.1' ],
53 silly audit   'lightningcss-darwin-arm64': [ '1.30.1' ],
53 silly audit   'lightningcss-darwin-x64': [ '1.30.1' ],
53 silly audit   'lightningcss-freebsd-x64': [ '1.30.1' ],
53 silly audit   'lightningcss-linux-arm-gnueabihf': [ '1.30.1' ],
53 silly audit   'lightningcss-linux-arm64-gnu': [ '1.30.1' ],
53 silly audit   'lightningcss-linux-arm64-musl': [ '1.30.1' ],
53 silly audit   'lightningcss-linux-x64-gnu': [ '1.30.1' ],
53 silly audit   'lightningcss-linux-x64-musl': [ '1.30.1' ],
53 silly audit   'lightningcss-win32-arm64-msvc': [ '1.30.1' ],
53 silly audit   'lightningcss-win32-x64-msvc': [ '1.30.1' ],
53 silly audit   'locate-path': [ '6.0.0' ],
53 silly audit   lodash: [ '4.17.21' ],
53 silly audit   'lodash.merge': [ '4.6.2' ],
53 silly audit   'loose-envify': [ '1.4.0' ],
53 silly audit   'lru-cache': [ '5.1.1' ],
53 silly audit   'lucide-react': [ '0.475.0' ],
53 silly audit   'magic-string': [ '0.30.17' ],
53 silly audit   'math-intrinsics': [ '1.1.0' ],
53 silly audit   merge2: [ '1.4.1' ],
53 silly audit   micromatch: [ '4.0.8' ],
53 silly audit   'mime-db': [ '1.52.0' ],
53 silly audit   'mime-types': [ '2.1.35' ],
53 silly audit   minipass: [ '7.1.2' ],
53 silly audit   minizlib: [ '3.0.2' ],
53 silly audit   mkdirp: [ '3.0.1' ],
53 silly audit   ms: [ '2.1.3' ],
53 silly audit   nanoid: [ '3.3.11' ],
53 silly audit   'natural-compare': [ '1.4.0' ],
53 silly audit   'node-releases': [ '2.0.19' ],
53 silly audit   'object-assign': [ '4.1.1' ],
53 silly audit   'object-inspect': [ '1.13.4' ],
53 silly audit   'object-keys': [ '1.1.1' ],
53 silly audit   'object.assign': [ '4.1.7' ],
53 silly audit   'object.entries': [ '1.1.9' ],
53 silly audit   'object.fromentries': [ '2.0.8' ],
53 silly audit   'object.values': [ '1.2.1' ],
53 silly audit   optionator: [ '0.9.4' ],
53 silly audit   'own-keys': [ '1.0.1' ],
53 silly audit   'p-limit': [ '3.1.0' ],
53 silly audit   'p-locate': [ '5.0.0' ],
53 silly audit   'parent-module': [ '1.0.1' ],
53 silly audit   'path-exists': [ '4.0.0' ],
53 silly audit   'path-key': [ '3.1.1' ],
53 silly audit   'path-parse': [ '1.0.7' ],
53 silly audit   picocolors: [ '1.1.1' ],
53 silly audit   picomatch: [ '2.3.1', '4.0.3' ],
53 silly audit   'possible-typed-array-names': [ '1.1.0' ],
53 silly audit   postcss: [ '8.5.6' ],
53 silly audit   'prelude-ls': [ '1.2.1' ],
53 silly audit   prettier: [ '3.6.2' ],
53 silly audit   'prettier-plugin-organize-imports': [ '4.2.0' ],
53 silly audit   'prettier-plugin-tailwindcss': [ '0.6.14' ],
53 silly audit   'prop-types': [ '15.8.1' ],
53 silly audit   'proxy-from-env': [ '1.1.0' ],
53 silly audit   punycode: [ '2.3.1' ],
53 silly audit   qs: [ '6.14.0' ],
53 silly audit   'queue-microtask': [ '1.2.3' ],
53 silly audit   react: [ '19.1.1' ],
53 silly audit   'react-dom': [ '19.1.1' ],
53 silly audit   'react-is': [ '16.13.1' ],
53 silly audit   'react-refresh': [ '0.17.0' ],
53 silly audit   'react-remove-scroll': [ '2.7.1' ],
53 silly audit   'react-remove-scroll-bar': [ '2.3.8' ],
53 silly audit   'react-style-singleton': [ '2.2.3' ],
53 silly audit   'reflect.getprototypeof': [ '1.0.10' ],
53 silly audit   'regexp.prototype.flags': [ '1.5.4' ],
53 silly audit   'require-directory': [ '2.1.1' ],
53 silly audit   resolve: [ '2.0.0-next.5' ],
53 silly audit   'resolve-from': [ '4.0.0' ],
53 silly audit   reusify: [ '1.1.0' ],
53 silly audit   rollup: [ '4.46.2' ],
53 silly audit   'run-parallel': [ '1.2.0' ],
53 silly audit   rxjs: [ '7.8.2' ],
53 silly audit   'safe-array-concat': [ '1.1.3' ],
53 silly audit   'safe-push-apply': [ '1.0.0' ],
53 silly audit   'safe-regex-test': [ '1.1.0' ],
53 silly audit   scheduler: [ '0.26.0' ],
53 silly audit   'set-function-length': [ '1.2.2' ],
53 silly audit   'set-function-name': [ '2.0.2' ],
53 silly audit   'set-proto': [ '1.0.0' ],
53 silly audit   'shebang-command': [ '2.0.0' ],
53 silly audit   'shebang-regex': [ '3.0.0' ],
53 silly audit   'shell-quote': [ '1.8.3' ],
53 silly audit   'side-channel': [ '1.1.0' ],
53 silly audit   'side-channel-list': [ '1.0.0' ],
53 silly audit   'side-channel-map': [ '1.0.1' ],
53 silly audit   'side-channel-weakmap': [ '1.0.2' ],
53 silly audit   'source-map-js': [ '1.2.1' ],
53 silly audit   'stop-iteration-iterator': [ '1.1.0' ],
53 silly audit   'string-width': [ '4.2.3' ],
53 silly audit   'string.prototype.matchall': [ '4.0.12' ],
53 silly audit   'string.prototype.repeat': [ '1.0.0' ],
53 silly audit   'string.prototype.trim': [ '1.2.10' ],
53 silly audit   'string.prototype.trimend': [ '1.0.9' ],
53 silly audit   'string.prototype.trimstart': [ '1.0.8' ],
53 silly audit   'strip-ansi': [ '6.0.1' ],
53 silly audit   'strip-json-comments': [ '3.1.1' ],
53 silly audit   'supports-preserve-symlinks-flag': [ '1.0.0' ],
53 silly audit   tabbable: [ '6.2.0' ],
53 silly audit   'tailwind-merge': [ '3.3.1' ],
53 silly audit   tailwindcss: [ '4.1.12' ],
53 silly audit   'tailwindcss-animate': [ '1.0.7' ],
53 silly audit   tapable: [ '2.2.2' ],
53 silly audit   tar: [ '7.4.3' ],
53 silly audit   yallist: [ '5.0.0', '3.1.1' ],
53 silly audit   tinyglobby: [ '0.2.14' ],
53 silly audit   fdir: [ '6.5.0' ],
53 silly audit   'to-regex-range': [ '5.0.1' ],
53 silly audit   'tree-kill': [ '1.2.2' ],
53 silly audit   'ts-api-utils': [ '2.1.0' ],
53 silly audit   tslib: [ '2.8.1' ],
53 silly audit   'type-check': [ '0.4.0' ],
53 silly audit   'typed-array-buffer': [ '1.0.3' ],
53 silly audit   'typed-array-byte-length': [ '1.0.3' ],
53 silly audit   'typed-array-byte-offset': [ '1.0.4' ],
53 silly audit   'typed-array-length': [ '1.0.7' ],
53 silly audit   typescript: [ '5.9.2' ],
53 silly audit   'typescript-eslint': [ '8.39.1' ],
53 silly audit   'unbox-primitive': [ '1.1.0' ],
53 silly audit   'undici-types': [ '6.21.0' ],
53 silly audit   'update-browserslist-db': [ '1.1.3' ],
53 silly audit   'uri-js': [ '4.4.1' ],
53 silly audit   'use-callback-ref': [ '1.3.3' ],
53 silly audit   'use-sidecar': [ '1.1.3' ],
53 silly audit   'use-sync-external-store': [ '1.5.0' ],
53 silly audit   vite: [ '7.1.2' ],
53 silly audit   'vite-plugin-full-reload': [ '1.2.0' ],
53 silly audit   which: [ '2.0.2' ],
53 silly audit   'which-boxed-primitive': [ '1.1.1' ],
53 silly audit   'which-builtin-type': [ '1.2.1' ],
53 silly audit   'which-collection': [ '1.0.2' ],
53 silly audit   'which-typed-array': [ '1.1.19' ],
53 silly audit   'word-wrap': [ '1.2.5' ],
53 silly audit   'wrap-ansi': [ '7.0.0' ],
53 silly audit   y18n: [ '5.0.8' ],
53 silly audit   yargs: [ '17.7.2' ],
53 silly audit   'yargs-parser': [ '21.1.1' ],
53 silly audit   'yocto-queue': [ '0.1.0' ],
53 silly audit   '@tailwindcss/oxide-wasm32-wasi': [ '4.1.12' ]
53 silly audit }
54 verbose reify failed optional dependency /var/www/node_modules/lightningcss-win32-arm64-msvc
55 silly reify mark deleted [ '/var/www/node_modules/lightningcss-win32-arm64-msvc' ]
56 verbose reify failed optional dependency /var/www/node_modules/lightningcss-linux-arm64-musl
57 silly reify mark deleted [ '/var/www/node_modules/lightningcss-linux-arm64-musl' ]
58 verbose reify failed optional dependency /var/www/node_modules/lightningcss-linux-arm64-gnu
59 silly reify mark deleted [ '/var/www/node_modules/lightningcss-linux-arm64-gnu' ]
60 verbose reify failed optional dependency /var/www/node_modules/lightningcss-linux-arm-gnueabihf
61 silly reify mark deleted [ '/var/www/node_modules/lightningcss-linux-arm-gnueabihf' ]
62 verbose reify failed optional dependency /var/www/node_modules/lightningcss-freebsd-x64
63 silly reify mark deleted [ '/var/www/node_modules/lightningcss-freebsd-x64' ]
64 verbose reify failed optional dependency /var/www/node_modules/lightningcss-darwin-x64
65 silly reify mark deleted [ '/var/www/node_modules/lightningcss-darwin-x64' ]
66 verbose reify failed optional dependency /var/www/node_modules/lightningcss-darwin-arm64
67 silly reify mark deleted [ '/var/www/node_modules/lightningcss-darwin-arm64' ]
68 verbose reify failed optional dependency /var/www/node_modules/fsevents
69 silly reify mark deleted [ '/var/www/node_modules/fsevents' ]
70 verbose reify failed optional dependency /var/www/node_modules/@tailwindcss/oxide-win32-arm64-msvc
71 silly reify mark deleted [ '/var/www/node_modules/@tailwindcss/oxide-win32-arm64-msvc' ]
72 verbose reify failed optional dependency /var/www/node_modules/@tailwindcss/oxide-linux-arm64-musl
73 silly reify mark deleted [ '/var/www/node_modules/@tailwindcss/oxide-linux-arm64-musl' ]
74 verbose reify failed optional dependency /var/www/node_modules/@tailwindcss/oxide-linux-arm64-gnu
75 silly reify mark deleted [ '/var/www/node_modules/@tailwindcss/oxide-linux-arm64-gnu' ]
76 verbose reify failed optional dependency /var/www/node_modules/@tailwindcss/oxide-linux-arm-gnueabihf
77 silly reify mark deleted [ '/var/www/node_modules/@tailwindcss/oxide-linux-arm-gnueabihf' ]
78 verbose reify failed optional dependency /var/www/node_modules/@tailwindcss/oxide-freebsd-x64
79 silly reify mark deleted [ '/var/www/node_modules/@tailwindcss/oxide-freebsd-x64' ]
80 verbose reify failed optional dependency /var/www/node_modules/@tailwindcss/oxide-darwin-x64
81 silly reify mark deleted [ '/var/www/node_modules/@tailwindcss/oxide-darwin-x64' ]
82 verbose reify failed optional dependency /var/www/node_modules/@tailwindcss/oxide-darwin-arm64
83 silly reify mark deleted [ '/var/www/node_modules/@tailwindcss/oxide-darwin-arm64' ]
84 verbose reify failed optional dependency /var/www/node_modules/@tailwindcss/oxide-android-arm64
85 silly reify mark deleted [ '/var/www/node_modules/@tailwindcss/oxide-android-arm64' ]
86 verbose reify failed optional dependency /var/www/node_modules/@rollup/rollup-win32-ia32-msvc
87 silly reify mark deleted [ '/var/www/node_modules/@rollup/rollup-win32-ia32-msvc' ]
88 verbose reify failed optional dependency /var/www/node_modules/@rollup/rollup-win32-arm64-msvc
89 silly reify mark deleted [ '/var/www/node_modules/@rollup/rollup-win32-arm64-msvc' ]
90 verbose reify failed optional dependency /var/www/node_modules/@rollup/rollup-linux-s390x-gnu
91 silly reify mark deleted [ '/var/www/node_modules/@rollup/rollup-linux-s390x-gnu' ]
92 verbose reify failed optional dependency /var/www/node_modules/@rollup/rollup-linux-riscv64-musl
93 silly reify mark deleted [ '/var/www/node_modules/@rollup/rollup-linux-riscv64-musl' ]
94 verbose reify failed optional dependency /var/www/node_modules/@rollup/rollup-linux-riscv64-gnu
95 silly reify mark deleted [ '/var/www/node_modules/@rollup/rollup-linux-riscv64-gnu' ]
96 verbose reify failed optional dependency /var/www/node_modules/@rollup/rollup-linux-ppc64-gnu
97 silly reify mark deleted [ '/var/www/node_modules/@rollup/rollup-linux-ppc64-gnu' ]
98 verbose reify failed optional dependency /var/www/node_modules/@rollup/rollup-linux-loongarch64-gnu
99 silly reify mark deleted [ '/var/www/node_modules/@rollup/rollup-linux-loongarch64-gnu' ]
100 verbose reify failed optional dependency /var/www/node_modules/@rollup/rollup-linux-arm64-musl
101 silly reify mark deleted [ '/var/www/node_modules/@rollup/rollup-linux-arm64-musl' ]
102 verbose reify failed optional dependency /var/www/node_modules/@rollup/rollup-linux-arm64-gnu
103 silly reify mark deleted [ '/var/www/node_modules/@rollup/rollup-linux-arm64-gnu' ]
104 verbose reify failed optional dependency /var/www/node_modules/@rollup/rollup-linux-arm-musleabihf
105 silly reify mark deleted [ '/var/www/node_modules/@rollup/rollup-linux-arm-musleabihf' ]
106 verbose reify failed optional dependency /var/www/node_modules/@rollup/rollup-linux-arm-gnueabihf
107 silly reify mark deleted [ '/var/www/node_modules/@rollup/rollup-linux-arm-gnueabihf' ]
108 verbose reify failed optional dependency /var/www/node_modules/@rollup/rollup-freebsd-x64
109 silly reify mark deleted [ '/var/www/node_modules/@rollup/rollup-freebsd-x64' ]
110 verbose reify failed optional dependency /var/www/node_modules/@rollup/rollup-freebsd-arm64
111 silly reify mark deleted [ '/var/www/node_modules/@rollup/rollup-freebsd-arm64' ]
112 verbose reify failed optional dependency /var/www/node_modules/@rollup/rollup-darwin-x64
113 silly reify mark deleted [ '/var/www/node_modules/@rollup/rollup-darwin-x64' ]
114 verbose reify failed optional dependency /var/www/node_modules/@rollup/rollup-darwin-arm64
115 silly reify mark deleted [ '/var/www/node_modules/@rollup/rollup-darwin-arm64' ]
116 verbose reify failed optional dependency /var/www/node_modules/@rollup/rollup-android-arm64
117 silly reify mark deleted [ '/var/www/node_modules/@rollup/rollup-android-arm64' ]
118 verbose reify failed optional dependency /var/www/node_modules/@rollup/rollup-android-arm-eabi
119 silly reify mark deleted [ '/var/www/node_modules/@rollup/rollup-android-arm-eabi' ]
120 verbose reify failed optional dependency /var/www/node_modules/@esbuild/win32-ia32
121 silly reify mark deleted [ '/var/www/node_modules/@esbuild/win32-ia32' ]
122 verbose reify failed optional dependency /var/www/node_modules/@esbuild/win32-arm64
123 silly reify mark deleted [ '/var/www/node_modules/@esbuild/win32-arm64' ]
124 verbose reify failed optional dependency /var/www/node_modules/@esbuild/sunos-x64
125 silly reify mark deleted [ '/var/www/node_modules/@esbuild/sunos-x64' ]
126 verbose reify failed optional dependency /var/www/node_modules/@esbuild/openharmony-arm64
127 silly reify mark deleted [ '/var/www/node_modules/@esbuild/openharmony-arm64' ]
128 verbose reify failed optional dependency /var/www/node_modules/@esbuild/openbsd-x64
129 silly reify mark deleted [ '/var/www/node_modules/@esbuild/openbsd-x64' ]
130 verbose reify failed optional dependency /var/www/node_modules/@esbuild/openbsd-arm64
131 silly reify mark deleted [ '/var/www/node_modules/@esbuild/openbsd-arm64' ]
132 verbose reify failed optional dependency /var/www/node_modules/@esbuild/netbsd-x64
133 silly reify mark deleted [ '/var/www/node_modules/@esbuild/netbsd-x64' ]
134 verbose reify failed optional dependency /var/www/node_modules/@esbuild/netbsd-arm64
135 silly reify mark deleted [ '/var/www/node_modules/@esbuild/netbsd-arm64' ]
136 verbose reify failed optional dependency /var/www/node_modules/@esbuild/linux-s390x
137 silly reify mark deleted [ '/var/www/node_modules/@esbuild/linux-s390x' ]
138 verbose reify failed optional dependency /var/www/node_modules/@esbuild/linux-riscv64
139 silly reify mark deleted [ '/var/www/node_modules/@esbuild/linux-riscv64' ]
140 verbose reify failed optional dependency /var/www/node_modules/@esbuild/linux-ppc64
141 silly reify mark deleted [ '/var/www/node_modules/@esbuild/linux-ppc64' ]
142 verbose reify failed optional dependency /var/www/node_modules/@esbuild/linux-mips64el
143 silly reify mark deleted [ '/var/www/node_modules/@esbuild/linux-mips64el' ]
144 verbose reify failed optional dependency /var/www/node_modules/@esbuild/linux-loong64
145 silly reify mark deleted [ '/var/www/node_modules/@esbuild/linux-loong64' ]
146 verbose reify failed optional dependency /var/www/node_modules/@esbuild/linux-ia32
147 silly reify mark deleted [ '/var/www/node_modules/@esbuild/linux-ia32' ]
148 verbose reify failed optional dependency /var/www/node_modules/@esbuild/linux-arm64
149 silly reify mark deleted [ '/var/www/node_modules/@esbuild/linux-arm64' ]
150 verbose reify failed optional dependency /var/www/node_modules/@esbuild/linux-arm
151 silly reify mark deleted [ '/var/www/node_modules/@esbuild/linux-arm' ]
152 verbose reify failed optional dependency /var/www/node_modules/@esbuild/freebsd-x64
153 silly reify mark deleted [ '/var/www/node_modules/@esbuild/freebsd-x64' ]
154 verbose reify failed optional dependency /var/www/node_modules/@esbuild/freebsd-arm64
155 silly reify mark deleted [ '/var/www/node_modules/@esbuild/freebsd-arm64' ]
156 verbose reify failed optional dependency /var/www/node_modules/@esbuild/darwin-x64
157 silly reify mark deleted [ '/var/www/node_modules/@esbuild/darwin-x64' ]
158 verbose reify failed optional dependency /var/www/node_modules/@esbuild/darwin-arm64
159 silly reify mark deleted [ '/var/www/node_modules/@esbuild/darwin-arm64' ]
160 verbose reify failed optional dependency /var/www/node_modules/@esbuild/android-x64
161 silly reify mark deleted [ '/var/www/node_modules/@esbuild/android-x64' ]
162 verbose reify failed optional dependency /var/www/node_modules/@esbuild/android-arm64
163 silly reify mark deleted [ '/var/www/node_modules/@esbuild/android-arm64' ]
164 verbose reify failed optional dependency /var/www/node_modules/@esbuild/android-arm
165 silly reify mark deleted [ '/var/www/node_modules/@esbuild/android-arm' ]
166 verbose reify failed optional dependency /var/www/node_modules/@esbuild/aix-ppc64
167 silly reify mark deleted [ '/var/www/node_modules/@esbuild/aix-ppc64' ]
168 timing reifyNode:node_modules/lightningcss-win32-arm64-msvc Completed in 58ms
169 timing reifyNode:node_modules/lightningcss-linux-arm64-musl Completed in 58ms
170 timing reifyNode:node_modules/lightningcss-linux-arm64-gnu Completed in 59ms
171 timing reifyNode:node_modules/lightningcss-linux-arm-gnueabihf Completed in 59ms
172 timing reifyNode:node_modules/lightningcss-freebsd-x64 Completed in 59ms
173 timing reifyNode:node_modules/lightningcss-darwin-x64 Completed in 59ms
174 timing reifyNode:node_modules/lightningcss-darwin-arm64 Completed in 60ms
175 timing reifyNode:node_modules/fsevents Completed in 60ms
176 timing reifyNode:node_modules/@tailwindcss/oxide-win32-arm64-msvc Completed in 59ms
177 timing reifyNode:node_modules/@tailwindcss/oxide-linux-arm64-musl Completed in 59ms
178 timing reifyNode:node_modules/@tailwindcss/oxide-linux-arm64-gnu Completed in 60ms
179 timing reifyNode:node_modules/@tailwindcss/oxide-linux-arm-gnueabihf Completed in 60ms
180 timing reifyNode:node_modules/@tailwindcss/oxide-freebsd-x64 Completed in 60ms
181 timing reifyNode:node_modules/@tailwindcss/oxide-darwin-x64 Completed in 60ms
182 timing reifyNode:node_modules/@tailwindcss/oxide-darwin-arm64 Completed in 60ms
183 timing reifyNode:node_modules/@tailwindcss/oxide-android-arm64 Completed in 61ms
184 timing reifyNode:node_modules/@rollup/rollup-win32-ia32-msvc Completed in 61ms
185 timing reifyNode:node_modules/@rollup/rollup-win32-arm64-msvc Completed in 61ms
186 timing reifyNode:node_modules/@rollup/rollup-linux-s390x-gnu Completed in 62ms
187 timing reifyNode:node_modules/@rollup/rollup-linux-riscv64-musl Completed in 62ms
188 timing reifyNode:node_modules/@rollup/rollup-linux-riscv64-gnu Completed in 62ms
189 timing reifyNode:node_modules/@rollup/rollup-linux-ppc64-gnu Completed in 63ms
190 timing reifyNode:node_modules/@rollup/rollup-linux-loongarch64-gnu Completed in 63ms
191 timing reifyNode:node_modules/@rollup/rollup-linux-arm64-musl Completed in 62ms
192 timing reifyNode:node_modules/@rollup/rollup-linux-arm64-gnu Completed in 62ms
193 timing reifyNode:node_modules/@rollup/rollup-linux-arm-musleabihf Completed in 62ms
194 timing reifyNode:node_modules/@rollup/rollup-linux-arm-gnueabihf Completed in 63ms
195 timing reifyNode:node_modules/@rollup/rollup-freebsd-x64 Completed in 63ms
196 timing reifyNode:node_modules/@rollup/rollup-freebsd-arm64 Completed in 63ms
197 timing reifyNode:node_modules/@rollup/rollup-darwin-x64 Completed in 63ms
198 timing reifyNode:node_modules/@rollup/rollup-darwin-arm64 Completed in 64ms
199 timing reifyNode:node_modules/@rollup/rollup-android-arm64 Completed in 64ms
200 timing reifyNode:node_modules/@rollup/rollup-android-arm-eabi Completed in 64ms
201 timing reifyNode:node_modules/@esbuild/win32-ia32 Completed in 64ms
202 timing reifyNode:node_modules/@esbuild/win32-arm64 Completed in 65ms
203 timing reifyNode:node_modules/@esbuild/sunos-x64 Completed in 65ms
204 timing reifyNode:node_modules/@esbuild/openharmony-arm64 Completed in 65ms
205 timing reifyNode:node_modules/@esbuild/openbsd-x64 Completed in 65ms
206 timing reifyNode:node_modules/@esbuild/openbsd-arm64 Completed in 65ms
207 timing reifyNode:node_modules/@esbuild/netbsd-x64 Completed in 66ms
208 timing reifyNode:node_modules/@esbuild/netbsd-arm64 Completed in 66ms
209 timing reifyNode:node_modules/@esbuild/linux-s390x Completed in 66ms
210 timing reifyNode:node_modules/@esbuild/linux-riscv64 Completed in 67ms
211 timing reifyNode:node_modules/@esbuild/linux-ppc64 Completed in 66ms
212 timing reifyNode:node_modules/@esbuild/linux-mips64el Completed in 66ms
213 timing reifyNode:node_modules/@esbuild/linux-loong64 Completed in 66ms
214 timing reifyNode:node_modules/@esbuild/linux-ia32 Completed in 67ms
215 timing reifyNode:node_modules/@esbuild/linux-arm64 Completed in 67ms
216 timing reifyNode:node_modules/@esbuild/linux-arm Completed in 67ms
217 timing reifyNode:node_modules/@esbuild/freebsd-x64 Completed in 68ms
218 timing reifyNode:node_modules/@esbuild/freebsd-arm64 Completed in 68ms
219 timing reifyNode:node_modules/@esbuild/darwin-x64 Completed in 68ms
220 timing reifyNode:node_modules/@esbuild/darwin-arm64 Completed in 68ms
221 timing reifyNode:node_modules/@esbuild/android-x64 Completed in 69ms
222 timing reifyNode:node_modules/@esbuild/android-arm64 Completed in 69ms
223 timing reifyNode:node_modules/@esbuild/android-arm Completed in 69ms
224 timing reifyNode:node_modules/@esbuild/aix-ppc64 Completed in 69ms
225 timing reify:unpack Completed in 73ms
226 timing reify:unretire Completed in 0ms
227 timing build:queue Completed in 19ms
228 timing build:deps Completed in 20ms
229 timing build Completed in 20ms
230 timing reify:build Completed in 22ms
231 timing reify:trash Completed in 76ms
232 timing reify:save Completed in 134ms
233 http fetch POST 200 https://registry.npmjs.org/-/npm/v1/security/advisories/bulk 681ms
234 timing auditReport:getReport Completed in 686ms
235 silly audit report {}
236 timing auditReport:init Completed in 0ms
237 timing reify:audit Completed in 687ms
238 timing reify Completed in 1707ms
239 silly ADD
240 silly ADD
241 silly ADD
242 silly ADD
243 silly ADD
244 silly ADD
245 silly ADD
246 silly ADD
247 silly ADD
248 silly ADD
249 silly ADD
250 silly ADD
251 silly ADD
252 silly ADD
253 silly ADD
254 silly ADD
255 silly ADD
256 silly ADD
257 silly ADD
258 silly ADD
259 silly ADD
260 silly ADD
261 silly ADD
262 silly ADD
263 silly ADD
264 silly ADD
265 silly ADD
266 silly ADD
267 silly ADD
268 silly ADD
269 silly ADD
270 silly ADD
271 silly ADD
272 silly ADD
273 silly ADD
274 silly ADD
275 silly ADD
276 silly ADD
277 silly ADD
278 silly ADD
279 silly ADD
280 silly ADD
281 silly ADD
282 silly ADD
283 silly ADD
284 silly ADD
285 silly ADD
286 silly ADD
287 silly ADD
288 silly ADD
289 silly ADD
290 silly ADD
291 silly ADD
292 silly ADD
293 silly ADD
294 silly ADD
295 silly ADD
296 silly ADD
297 timing command:install Completed in 1749ms
298 verbose exit 0
299 timing npm Completed in 1798ms
300 info ok
